<?xml version="1.0" encoding="UTF-8"?>
<robot generator="Robot 3.2.2 (Python 3.8.10 on linux)" generated="20211213 14:27:32.362" rpa="false">
<suite id="s1" name="Test" source="/home/msmg/git/pyrate/test">
<suite id="s1-s1" name="Integration Tests" source="/home/msmg/git/pyrate/test/integration_tests.robot">
<test id="s1-s1-t1" name="Test muon detector scripts">
<kw name="Should Be True" library="BuiltIn">
<doc>Fails if the given condition is not true.</doc>
<arguments>
<arg>$PYRATE_BASE_DIR != ''</arg>
</arguments>
<status status="PASS" starttime="20211213 14:27:32.381" endtime="20211213 14:27:32.383"></status>
</kw>
<kw name="Should Exist" library="OperatingSystem">
<doc>Fails unless the given path (file or directory) exists.</doc>
<arguments>
<arg>${MUONJOBFILE}</arg>
</arguments>
<msg timestamp="20211213 14:27:32.384" level="INFO" html="yes">Path '&lt;a href="file:///home/msmg/git/pyrate/scripts/job_MuonDetTest.yaml"&gt;/home/msmg/git/pyrate/scripts/job_MuonDetTest.yaml&lt;/a&gt;' exists.</msg>
<status status="PASS" starttime="20211213 14:27:32.383" endtime="20211213 14:27:32.384"></status>
</kw>
<kw name="Run And Return Rc" library="OperatingSystem">
<doc>Runs the given command in the system and returns the return code.</doc>
<arguments>
<arg>${APPLICATION} -j ${MUONJOBFILE}</arg>
</arguments>
<assign>
<var>${rc}</var>
</assign>
<msg timestamp="20211213 14:27:32.386" level="INFO">Running command 'python3.8 /home/msmg/git/pyrate//scripts/pyrate -j /home/msmg/git/pyrate//scripts/job_MuonDetTest.yaml 2&gt;&amp;1'.</msg>
<msg timestamp="20211213 14:27:33.833" level="INFO">${rc} = 1</msg>
<status status="PASS" starttime="20211213 14:27:32.384" endtime="20211213 14:27:33.833"></status>
</kw>
<kw name="Should Be Equal As Integers" library="BuiltIn">
<doc>Fails if objects are unequal after converting them to integers.</doc>
<arguments>
<arg>${rc}</arg>
<arg>0</arg>
</arguments>
<msg timestamp="20211213 14:27:33.833" level="INFO">Argument types are:
&lt;class 'int'&gt;
&lt;type 'unicode'&gt;</msg>
<msg timestamp="20211213 14:27:33.833" level="FAIL">1 != 0</msg>
<status status="FAIL" starttime="20211213 14:27:33.833" endtime="20211213 14:27:33.833"></status>
</kw>
<doc>Test various detector scripts and ensure the scripts didn't crash
'Run And Return Rc' is from OperatingSystem library</doc>
<status status="FAIL" starttime="20211213 14:27:32.381" endtime="20211213 14:27:33.834" critical="yes">1 != 0</status>
</test>
<status status="FAIL" starttime="20211213 14:27:32.375" endtime="20211213 14:27:33.834"></status>
</suite>
<status status="FAIL" starttime="20211213 14:27:32.363" endtime="20211213 14:27:33.835"></status>
</suite>
<statistics>
<total>
<stat pass="0" fail="1">Critical Tests</stat>
<stat pass="0" fail="1">All Tests</stat>
</total>
<tag>
</tag>
<suite>
<stat pass="0" fail="1" id="s1" name="Test">Test</stat>
<stat pass="0" fail="1" id="s1-s1" name="Integration Tests">Test.Integration Tests</stat>
</suite>
</statistics>
<errors>
</errors>
</robot>
